[0706/090106:ERROR:proxy_service_factory.cc(105)] Cannot use V8 Proxy resolver in single process mode.
[0706/090149:ERROR:proxy_service_factory.cc(105)] Cannot use V8 Proxy resolver in single process mode.
[0706/090149:ERROR:command_buffer_proxy_impl.cc(156)] Failed to initialize command buffer service.
[0706/090149:ERROR:webgraphicscontext3d_command_buffer_impl.cc(394)] CommandBufferProxy::Initialize failed.
[0706/090149:ERROR:webgraphicscontext3d_command_buffer_impl.cc(413)] Failed to initialize command buffer.
[0706/090149:ERROR:command_buffer_proxy_impl.cc(156)] Failed to initialize command buffer service.
[0706/090149:ERROR:webgraphicscontext3d_command_buffer_impl.cc(394)] CommandBufferProxy::Initialize failed.
[0706/090149:ERROR:webgraphicscontext3d_command_buffer_impl.cc(413)] Failed to initialize command buffer.
[0706/090149:ERROR:command_buffer_proxy_impl.cc(156)] Failed to initialize command buffer service.
[0706/090149:ERROR:webgraphicscontext3d_command_buffer_impl.cc(394)] CommandBufferProxy::Initialize failed.
[0706/090149:ERROR:webgraphicscontext3d_command_buffer_impl.cc(413)] Failed to initialize command buffer.
[0706/090149:ERROR:command_buffer_proxy_impl.cc(156)] Failed to initialize command buffer service.
[0706/090149:ERROR:webgraphicscontext3d_command_buffer_impl.cc(394)] CommandBufferProxy::Initialize failed.
[0706/090149:ERROR:webgraphicscontext3d_command_buffer_impl.cc(413)] Failed to initialize command buffer.
[0706/090149:ERROR:command_buffer_proxy_impl.cc(156)] Failed to initialize command buffer service.
[0706/090149:ERROR:webgraphicscontext3d_command_buffer_impl.cc(394)] CommandBufferProxy::Initialize failed.
[0706/090149:ERROR:webgraphicscontext3d_command_buffer_impl.cc(413)] Failed to initialize command buffer.
[0706/090149:ERROR:command_buffer_proxy_impl.cc(156)] Failed to initialize command buffer service.
[0706/090149:ERROR:webgraphicscontext3d_command_buffer_impl.cc(394)] CommandBufferProxy::Initialize failed.
[0706/090149:ERROR:webgraphicscontext3d_command_buffer_impl.cc(413)] Failed to initialize command buffer.
[0706/090149:ERROR:command_buffer_proxy_impl.cc(156)] Failed to initialize command buffer service.
[0706/090149:ERROR:webgraphicscontext3d_command_buffer_impl.cc(394)] CommandBufferProxy::Initialize failed.
[0706/090149:ERROR:webgraphicscontext3d_command_buffer_impl.cc(413)] Failed to initialize command buffer.
[0706/090149:ERROR:command_buffer_proxy_impl.cc(156)] Failed to initialize command buffer service.
[0706/090149:ERROR:webgraphicscontext3d_command_buffer_impl.cc(394)] CommandBufferProxy::Initialize failed.
[0706/090149:ERROR:webgraphicscontext3d_command_buffer_impl.cc(413)] Failed to initialize command buffer.
[0706/090201:ERROR:ipc_channel_win.cc(405)] pipe error: 232
[0707/201613:ERROR:proxy_service_factory.cc(105)] Cannot use V8 Proxy resolver in single process mode.
